<?xml version="1.0" encoding="UTF-8"?>
<!-- Generated by org.testng.reporters.JUnitXMLReporter -->
<testsuite ignored="0" hostname="DESKTOP-338DDR7" failures="0" tests="1" name="Test-Runner-Edge" time="64.506" errors="0" timestamp="2023-08-31T15:10:44 IST">
  <testcase classname="vtiger.ContactTests.createContactwithOrganisation" name="createContactwithOrgTest" time="49.055"/>
</testsuite> <!-- Test-Runner-Edge -->
