<?xml version="1.0" encoding="UTF-8"?>
<!-- Generated by org.testng.reporters.JUnitXMLReporter -->
<testsuite ignored="0" hostname="DESKTOP-338DDR7" failures="0" tests="1" name="Test-Runner2" time="63.582" errors="0" timestamp="2023-08-31T14:38:30 IST">
  <testcase classname="vtiger.ContactTests.createContactwithOrganisation" name="createContactwithOrgTest" time="47.856"/>
</testsuite> <!-- Test-Runner2 -->
