<?xml version="1.0" encoding="UTF-8"?>
<!-- Generated by org.testng.reporters.JUnitXMLReporter -->
<testsuite ignored="0" hostname="DESKTOP-338DDR7" failures="0" tests="2" name="Test-Runner1" time="56.968" errors="0" timestamp="2023-08-31T14:38:23 IST">
  <testcase classname="vtiger.OrganisationTests.CreateOrganisationwithIndustryTest" name="createOrgwithIndustryTest" time="25.58"/>
  <testcase classname="vtiger.OrganisationTests.CreateOrganisationwithIndustryTest" name="demo" time="0.006"/>
</testsuite> <!-- Test-Runner1 -->
