<?xml version="1.0" encoding="UTF-8"?>
<!-- Generated by org.testng.reporters.JUnitReportReporter -->
<testsuite hostname="DESKTOP-338DDR7" failures="0" tests="3" name="Vtiger_Practice.TestNGPracticeTest" time="0.013" errors="0" timestamp="2023-08-31T19:23:08 IST" skipped="1">
  <testcase classname="Vtiger_Practice.TestNGPracticeTest" name="Deletecontact" time="0.010"/>
  <testcase classname="Vtiger_Practice.TestNGPracticeTest" name="modifycontact" time="0.003"/>
  <testcase classname="Vtiger_Practice.TestNGPracticeTest" name="createcontact">
    <skipped/>
  </testcase> <!-- createcontact -->
</testsuite> <!-- Vtiger_Practice.TestNGPracticeTest -->
