<?xml version="1.0" encoding="UTF-8"?>
<!-- Generated by org.testng.reporters.JUnitReportReporter -->
<testsuite hostname="DESKTOP-338DDR7" failures="0" tests="1" name="Vtiger_Practice.ReadDataFromCmdLine" time="0.016" errors="0" timestamp="2023-09-11T14:35:29 IST" skipped="0">
  <testcase classname="Vtiger_Practice.ReadDataFromCmdLine" name="readData" time="0.016"/>
</testsuite> <!-- Vtiger_Practice.ReadDataFromCmdLine -->
