<?xml version="1.0" encoding="UTF-8"?>
<!-- Generated by org.testng.reporters.JUnitReportReporter -->
<testsuite hostname="DESKTOP-338DDR7" failures="0" tests="2" name="vtiger.OrganisationTests.CreateOrganisationwithIndustryTest" time="15.597" errors="0" timestamp="2023-09-05T15:49:14 IST" skipped="0">
  <testcase classname="vtiger.OrganisationTests.CreateOrganisationwithIndustryTest" name="createOrgwithIndustryTest" time="11.000"/>
  <testcase classname="vtiger.OrganisationTests.CreateOrganisationwithIndustryTest" name="demo" time="4.597"/>
</testsuite> <!-- vtiger.OrganisationTests.CreateOrganisationwithIndustryTest -->
