<?xml version="1.0" encoding="UTF-8"?>
<!-- Generated by org.testng.reporters.JUnitReportReporter -->
<testsuite hostname="DESKTOP-338DDR7" failures="0" tests="2" name="vtiger.ContactTests.createContactwithOrganisation" time="109.091" errors="0" timestamp="2023-08-31T15:10:45 IST" skipped="0">
  <testcase classname="vtiger.ContactTests.createContactwithOrganisation" name="createContactwithOrgTest" time="51.354"/>
  <testcase classname="vtiger.ContactTests.createContactwithOrganisation" name="createContactwithOrgTest" time="57.737"/>
</testsuite> <!-- vtiger.ContactTests.createContactwithOrganisation -->
