<?xml version="1.0" encoding="UTF-8"?>
<!-- Generated by org.testng.reporters.JUnitReportReporter -->
<testsuite hostname="DESKTOP-338DDR7" failures="0" tests="4" name="Vtiger_Practice.DataProviderPractice" time="0.012" errors="0" timestamp="2023-08-22T15:49:16 IST" skipped="0">
  <testcase classname="Vtiger_Practice.DataProviderPractice" name="addProducttoCart" time="0.007"/>
  <testcase classname="Vtiger_Practice.DataProviderPractice" name="addProducttoCart" time="0.002"/>
  <testcase classname="Vtiger_Practice.DataProviderPractice" name="addProducttoCart" time="0.002"/>
  <testcase classname="Vtiger_Practice.DataProviderPractice" name="addProducttoCart" time="0.001"/>
</testsuite> <!-- Vtiger_Practice.DataProviderPractice -->
