<?xml version="1.0" encoding="UTF-8"?>
<!-- Generated by org.testng.reporters.JUnitReportReporter -->
<testsuite hostname="DESKTOP-338DDR7" failures="0" tests="1" name="vtiger.ContactTests.createContactwithOrganisationTest" time="19.366" errors="0" timestamp="2023-09-08T22:34:37 IST" skipped="0">
  <testcase classname="vtiger.ContactTests.createContactwithOrganisationTest" name="createContactwithOrgTest" time="19.366">
    <system-out>
      <![CDATA[Navigated to Organsiation link
Clicked on Organisation Look up Image
Organisation created
Clicked on create contact look up image
Contact created]]>
    </system-out>
  </testcase> <!-- createContactwithOrgTest -->
  <system-out>
    <![CDATA[Navigated to Organsiation link
Clicked on Organisation Look up Image
Organisation created
Clicked on create contact look up image
Contact created]]>
  </system-out>
</testsuite> <!-- vtiger.ContactTests.createContactwithOrganisationTest -->
