<?xml version="1.0" encoding="UTF-8"?>
<!-- Generated by org.testng.reporters.JUnitReportReporter -->
<testsuite hostname="DESKTOP-338DDR7" failures="0" tests="1" name="Vtiger_Practice.BaseClassPractice" time="0.012" errors="0" timestamp="2023-08-24T18:12:45 IST" skipped="0">
  <testcase classname="Vtiger_Practice.BaseClassPractice" name="test" time="0.012"/>
</testsuite> <!-- Vtiger_Practice.BaseClassPractice -->
